<?xml version="1.0" encoding="UTF-8"?>
<!-- Generated by org.testng.reporters.JUnitReportReporter -->
<testsuite hostname="RejulasPC" failures="0" tests="6" name="testcase.LoginTest" time="93.464" errors="0" timestamp="2025-01-10T10:36:28 IST" skipped="0">
  <testcase classname="testcase.LoginTest" name="verifyUserLoginWithInValidUserNameValidPassword" time="23.447"/>
  <testcase classname="testcase.LoginTest" name="verifyUserLoginWithInValidUserNameValidPassword" time="9.505"/>
  <testcase classname="testcase.LoginTest" name="verifyUserLoginWithValidUsernameAndInvalidPassword" time="23.697"/>
  <testcase classname="testcase.LoginTest" name="verifyUserLoginWithInValidUsernameAndInvalidPassword" time="15.476"/>
  <testcase classname="testcase.LoginTest" name="verifyUserLoginWithInValidUserNameValidPassword" time="8.488"/>
  <testcase classname="testcase.LoginTest" name="verifyUserLoginWithValidCredentials" time="12.851"/>
</testsuite> <!-- testcase.LoginTest -->
