<?xml version="1.0" encoding="UTF-8"?>
<!-- Generated by org.testng.reporters.JUnitReportReporter -->
<testsuite hostname="RejulasPC" failures="0" tests="2" name="testcase.ManageCategoryTest" time="46.544" errors="0" timestamp="2025-01-13T21:38:30 IST" skipped="0">
  <testcase classname="testcase.ManageCategoryTest" name="newManageCategoryWithValidDetails" time="25.969"/>
  <testcase classname="testcase.ManageCategoryTest" name="searchManageCategoryWithInValidDetails" time="20.575"/>
</testsuite> <!-- testcase.ManageCategoryTest -->
