<?xml version="1.0" encoding="UTF-8"?>
<!-- Generated by org.testng.reporters.JUnitReportReporter -->
<testsuite hostname="RejulasPC" failures="0" tests="1" name="testcase.ManageFooterTextTest" time="19.030" errors="0" timestamp="2025-01-13T21:35:05 IST" skipped="0">
  <testcase classname="testcase.ManageFooterTextTest" name="editFooterTextWithNewValidText" time="19.030"/>
</testsuite> <!-- testcase.ManageFooterTextTest -->
