<?xml version="1.0" encoding="UTF-8"?>
<!-- Generated by org.testng.reporters.JUnitReportReporter -->
<testsuite hostname="RejulasPC" failures="0" tests="2" name="testcase.ManageNewsTest" time="56.783" errors="0" timestamp="2025-01-13T21:39:59 IST" skipped="0">
  <testcase classname="testcase.ManageNewsTest" name="createNewManageNews" time="24.049"/>
  <testcase classname="testcase.ManageNewsTest" name="searchInvalidNews" time="32.734"/>
</testsuite> <!-- testcase.ManageNewsTest -->
