<?xml version="1.0" encoding="UTF-8"?>
<!-- Generated by org.testng.reporters.JUnitReportReporter -->
<testsuite hostname="RejulasPC" failures="0" tests="2" name="testcase.SubCategoryTest" time="52.779" errors="0" timestamp="2025-01-12T17:56:20 IST" skipped="0">
  <testcase classname="testcase.SubCategoryTest" name="createNewSubCategoryWithValidDetails" time="24.627"/>
  <testcase classname="testcase.SubCategoryTest" name="searchSubCategoryWithInValidDetails" time="28.152"/>
</testsuite> <!-- testcase.SubCategoryTest -->
