<?xml version="1.0" encoding="UTF-8"?>
<!-- Generated by org.testng.reporters.JUnitReportReporter -->
<testsuite hostname="RejulasPC" failures="0" tests="2" name="testcase.SubCategoryTest" time="35.613" errors="0" timestamp="2025-01-11T23:07:32 IST" skipped="0">
  <testcase classname="testcase.SubCategoryTest" name="searchSubCategoryWithInValidDetails" time="16.505"/>
  <testcase classname="testcase.SubCategoryTest" name="createNewSubCategoryWithValidDetails" time="19.108"/>
</testsuite> <!-- testcase.SubCategoryTest -->
