<?xml version="1.0" encoding="UTF-8"?>
<!-- Generated by org.testng.reporters.JUnitReportReporter -->
<testsuite hostname="RejulasPC" failures="0" tests="6" name="testcase.LoginTest" time="69.548" errors="0" timestamp="2025-01-13T21:37:07 IST" skipped="0">
  <testcase classname="testcase.LoginTest" name="verifyUserLoginWithInValidUserNameValidPassword" time="10.224"/>
  <testcase classname="testcase.LoginTest" name="verifyUserLoginWithValidCredentials" time="14.961"/>
  <testcase classname="testcase.LoginTest" name="verifyUserLoginWithInValidUserNameValidPassword" time="9.382"/>
  <testcase classname="testcase.LoginTest" name="verifyUserLoginWithInValidUserNameValidPassword" time="12.538"/>
  <testcase classname="testcase.LoginTest" name="verifyUserLoginWithInValidUsernameAndInvalidPassword" time="11.265"/>
  <testcase classname="testcase.LoginTest" name="verifyUserLoginWithValidUsernameAndInvalidPassword" time="11.178"/>
</testsuite> <!-- testcase.LoginTest -->
