<?xml version="1.0" encoding="UTF-8"?>
<!-- Generated by org.testng.reporters.JUnitReportReporter -->
<testsuite hostname="RejulasPC" failures="0" tests="2" name="testcase.ManageNewsTest" time="29.081" errors="0" timestamp="2025-01-11T23:25:57 IST" skipped="0">
  <testcase classname="testcase.ManageNewsTest" name="createNewManageNews" time="16.222"/>
  <testcase classname="testcase.ManageNewsTest" name="searchInvalidNews" time="12.859"/>
</testsuite> <!-- testcase.ManageNewsTest -->
