<?xml version="1.0" encoding="UTF-8"?>
<!-- Generated by org.testng.reporters.JUnitReportReporter -->
<testsuite hostname="RejulasPC" failures="0" tests="2" name="testcase.ManageUsersTest" time="75.879" errors="0" timestamp="2025-01-13T21:41:47 IST" skipped="0">
  <testcase classname="testcase.ManageUsersTest" name="createNewAdminUserWithValidDetails" time="47.665"/>
  <testcase classname="testcase.ManageUsersTest" name="searchAdminUserWithInvalidUsernameAndUsertype" time="28.214"/>
</testsuite> <!-- testcase.ManageUsersTest -->
